Using pre-set license
Built from '6000.0/staging' branch; Version is '6000.0.42f1 (feb9a7235030) revision 16693671'; Using compiler version '193933523'; Build Type 'Release'
<<<<<<< HEAD
OS: 'Windows 11  (10.0.26100) 64bit Core' Language: 'fr' Physical Memory: 16122 MB
=======
OS: 'Windows 11  (10.0.26100) 64bit Core' Language: 'fr' Physical Memory: 16075 MB
>>>>>>> c9135783d4dd1474d5aa370c1edeba6ea73b6656
BatchMode: 1, IsHumanControllingUs: 0, StartBugReporterOnCrash: 0, Is64bit: 1, IsPro: 1

COMMAND LINE ARGUMENTS:
C:\Program Files\Unity\Hub\Editor\6000.0.42f1\Editor\Unity.exe
-adb2
-batchMode
-noUpm
-name
AssetImportWorker1
-projectPath
<<<<<<< HEAD
C:/Users/roror/Documents/EFREI/S6/LXP-Unity/Projet V2/projet_unity
-logFile
Logs/AssetImportWorker1.log
-srvPort
61136
=======
C:/Users/samda/Desktop/COURS/I3/unity/hugoEstCon/projet_unity
-logFile
Logs/AssetImportWorker1.log
-srvPort
53703
>>>>>>> c9135783d4dd1474d5aa370c1edeba6ea73b6656
-job-worker-count
3
-background-job-worker-count
8
-gc-helper-count
1
<<<<<<< HEAD
Successfully changed project path to: C:/Users/roror/Documents/EFREI/S6/LXP-Unity/Projet V2/projet_unity
C:/Users/roror/Documents/EFREI/S6/LXP-Unity/Projet V2/projet_unity
=======
Successfully changed project path to: C:/Users/samda/Desktop/COURS/I3/unity/hugoEstCon/projet_unity
C:/Users/samda/Desktop/COURS/I3/unity/hugoEstCon/projet_unity
>>>>>>> c9135783d4dd1474d5aa370c1edeba6ea73b6656
[UnityMemory] Configuration Parameters - Can be set up in boot.config
    "memorysetup-bucket-allocator-granularity=16"
    "memorysetup-bucket-allocator-bucket-count=8"
    "memorysetup-bucket-allocator-block-size=33554432"
    "memorysetup-bucket-allocator-block-count=8"
    "memorysetup-main-allocator-block-size=16777216"
    "memorysetup-thread-allocator-block-size=16777216"
    "memorysetup-gfx-main-allocator-block-size=16777216"
    "memorysetup-gfx-thread-allocator-block-size=16777216"
    "memorysetup-cache-allocator-block-size=4194304"
    "memorysetup-typetree-allocator-block-size=2097152"
    "memorysetup-profiler-bucket-allocator-granularity=16"
    "memorysetup-profiler-bucket-allocator-bucket-count=8"
    "memorysetup-profiler-bucket-allocator-block-size=33554432"
    "memorysetup-profiler-bucket-allocator-block-count=8"
    "memorysetup-profiler-allocator-block-size=16777216"
    "memorysetup-profiler-editor-allocator-block-size=1048576"
    "memorysetup-temp-allocator-size-main=16777216"
    "memorysetup-job-temp-allocator-block-size=2097152"
    "memorysetup-job-temp-allocator-block-size-background=1048576"
    "memorysetup-job-temp-allocator-reduction-small-platforms=262144"
    "memorysetup-allocator-temp-initial-block-size-main=262144"
    "memorysetup-allocator-temp-initial-block-size-worker=262144"
    "memorysetup-temp-allocator-size-background-worker=32768"
    "memorysetup-temp-allocator-size-job-worker=262144"
    "memorysetup-temp-allocator-size-preload-manager=33554432"
    "memorysetup-temp-allocator-size-nav-mesh-worker=65536"
    "memorysetup-temp-allocator-size-audio-worker=65536"
    "memorysetup-temp-allocator-size-cloud-worker=32768"
    "memorysetup-temp-allocator-size-gi-baking-worker=262144"
    "memorysetup-temp-allocator-size-gi-baking-worker=262144"
    "memorysetup-temp-allocator-size-gi-baking-worker=262144"
    "memorysetup-temp-allocator-size-gi-baking-worker=262144"
    "memorysetup-temp-allocator-size-gi-baking-worker=262144"
    "memorysetup-temp-allocator-size-gfx=262144"
<<<<<<< HEAD
Player connection [20568]  Target information:

Player connection [20568]  * "[IP] 192.168.227.1 [Port] 0 [Flags] 2 [Guid] 822303817 [EditorId] 822303817 [Version] 1048832 [Id] WindowsEditor(7,DESKTOP-8OUEENC) [Debug] 1 [PackageName] WindowsEditor [ProjectName] Editor" 

Player connection [20568]  * "[IP] 192.168.253.1 [Port] 0 [Flags] 2 [Guid] 822303817 [EditorId] 822303817 [Version] 1048832 [Id] WindowsEditor(7,DESKTOP-8OUEENC) [Debug] 1 [PackageName] WindowsEditor [ProjectName] Editor" 

Player connection [20568]  * "[IP] 192.168.56.1 [Port] 0 [Flags] 2 [Guid] 822303817 [EditorId] 822303817 [Version] 1048832 [Id] WindowsEditor(7,DESKTOP-8OUEENC) [Debug] 1 [PackageName] WindowsEditor [ProjectName] Editor" 

Player connection [20568]  * "[IP] 10.101.10.116 [Port] 0 [Flags] 2 [Guid] 822303817 [EditorId] 822303817 [Version] 1048832 [Id] WindowsEditor(7,DESKTOP-8OUEENC) [Debug] 1 [PackageName] WindowsEditor [ProjectName] Editor" 

Player connection [20568] Host joined multi-casting on [225.0.0.222:54997]...
Player connection [20568] Host joined alternative multi-casting on [225.0.0.222:34997]...
=======
Player connection [11216]  Target information:

Player connection [11216]  * "[IP] 192.168.114.1 [Port] 0 [Flags] 2 [Guid] 4189598945 [EditorId] 4189598945 [Version] 1048832 [Id] WindowsEditor(7,LAPTOP-K7852NC9) [Debug] 1 [PackageName] WindowsEditor [ProjectName] Editor" 

Player connection [11216]  * "[IP] 192.168.145.1 [Port] 0 [Flags] 2 [Guid] 4189598945 [EditorId] 4189598945 [Version] 1048832 [Id] WindowsEditor(7,LAPTOP-K7852NC9) [Debug] 1 [PackageName] WindowsEditor [ProjectName] Editor" 

Player connection [11216]  * "[IP] 192.168.56.1 [Port] 0 [Flags] 2 [Guid] 4189598945 [EditorId] 4189598945 [Version] 1048832 [Id] WindowsEditor(7,LAPTOP-K7852NC9) [Debug] 1 [PackageName] WindowsEditor [ProjectName] Editor" 

Player connection [11216]  * "[IP] 10.101.12.13 [Port] 0 [Flags] 2 [Guid] 4189598945 [EditorId] 4189598945 [Version] 1048832 [Id] WindowsEditor(7,LAPTOP-K7852NC9) [Debug] 1 [PackageName] WindowsEditor [ProjectName] Editor" 

Player connection [11216] Host joined multi-casting on [225.0.0.222:54997]...
Player connection [11216] Host joined alternative multi-casting on [225.0.0.222:34997]...
>>>>>>> c9135783d4dd1474d5aa370c1edeba6ea73b6656
JobSystem: Creating JobQueue using job-worker-count value 3
Input System module state changed to: Initialized.
[Physics::Module] Initialized fallback backend.
[Physics::Module] Id: 0xdecafbad
Library Redirect Path: Library/
[Physics::Module] Selected backend.
[Physics::Module] Name: PhysX
[Physics::Module] Id: 0xf2b8ea05
[Physics::Module] SDK Version: 4.1.2
[Physics::Module] Integration Version: 1.0.0
[Physics::Module] Threading Mode: Multi-Threaded
<<<<<<< HEAD
Refreshing native plugins compatible for Editor in 3.21 ms, found 3 plugins.
Preloading 0 native plugins for Editor in 0.00 ms.
Initialize engine version: 6000.0.42f1 (feb9a7235030)
[Subsystems] Discovering subsystems at path C:/Program Files/Unity/Hub/Editor/6000.0.42f1/Editor/Data/Resources/UnitySubsystems
[Subsystems] Discovering subsystems at path C:/Users/roror/Documents/EFREI/S6/LXP-Unity/Projet V2/projet_unity/Assets
GfxDevice: creating device client; kGfxThreadingModeNonThreaded
Direct3D:
    Version:  Direct3D 11.0 [level 11.1]
    Renderer: Intel(R) Iris(R) Xe Graphics (ID=0x9a49)
    Vendor:   Intel
    VRAM:     8061 MB
    Driver:   31.0.101.5333
=======
Refreshing native plugins compatible for Editor in 2.43 ms, found 3 plugins.
Preloading 0 native plugins for Editor in 0.00 ms.
Initialize engine version: 6000.0.42f1 (feb9a7235030)
[Subsystems] Discovering subsystems at path C:/Program Files/Unity/Hub/Editor/6000.0.42f1/Editor/Data/Resources/UnitySubsystems
[Subsystems] Discovering subsystems at path C:/Users/samda/Desktop/COURS/I3/unity/hugoEstCon/projet_unity/Assets
GfxDevice: creating device client; kGfxThreadingModeNonThreaded
Direct3D:
    Version:  Direct3D 11.0 [level 11.1]
    Renderer: NVIDIA GeForce RTX 3070 Laptop GPU (ID=0x249d)
    Vendor:   NVIDIA
    VRAM:     8020 MB
    Driver:   32.0.15.7242
>>>>>>> c9135783d4dd1474d5aa370c1edeba6ea73b6656
Initialize mono
Mono path[0] = 'C:/Program Files/Unity/Hub/Editor/6000.0.42f1/Editor/Data/Managed'
Mono path[1] = 'C:/Program Files/Unity/Hub/Editor/6000.0.42f1/Editor/Data/MonoBleedingEdge/lib/mono/unityjit-win32'
Mono config path = 'C:/Program Files/Unity/Hub/Editor/6000.0.42f1/Editor/Data/MonoBleedingEdge/etc'
<<<<<<< HEAD
Using monoOptions --debugger-agent=transport=dt_socket,embedding=1,server=y,suspend=n,address=127.0.0.1:56692
Begin MonoManager ReloadAssembly
Registering precompiled unity dll's ...
Register platform support module: C:/Program Files/Unity/Hub/Editor/6000.0.42f1/Editor/Data/PlaybackEngines/WindowsStandaloneSupport/UnityEditor.WindowsStandalone.Extensions.dll
Registered in 0.004948 seconds.
- Loaded All Assemblies, in  0.618 seconds
Native extension for WindowsStandalone target not found
Mono: successfully reloaded assembly
- Finished resetting the current domain, in  0.527 seconds
Domain Reload Profiling: 1141ms
	BeginReloadAssembly (206ms)
=======
Using monoOptions --debugger-agent=transport=dt_socket,embedding=1,server=y,suspend=n,address=127.0.0.1:56340
Begin MonoManager ReloadAssembly
Registering precompiled unity dll's ...
Register platform support module: C:/Program Files/Unity/Hub/Editor/6000.0.42f1/Editor/Data/PlaybackEngines/WindowsStandaloneSupport/UnityEditor.WindowsStandalone.Extensions.dll
Registered in 0.003274 seconds.
- Loaded All Assemblies, in  0.521 seconds
Native extension for WindowsStandalone target not found
Mono: successfully reloaded assembly
- Finished resetting the current domain, in  0.453 seconds
Domain Reload Profiling: 971ms
	BeginReloadAssembly (181ms)
>>>>>>> c9135783d4dd1474d5aa370c1edeba6ea73b6656
		ExecutionOrderSort (0ms)
		DisableScriptedObjects (0ms)
		BackupInstance (0ms)
		ReleaseScriptingObjects (0ms)
		CreateAndSetChildDomain (1ms)
<<<<<<< HEAD
	RebuildCommonClasses (68ms)
	RebuildNativeTypeToScriptingClass (19ms)
	initialDomainReloadingComplete (74ms)
	LoadAllAssembliesAndSetupDomain (247ms)
		LoadAssemblies (201ms)
		RebuildTransferFunctionScriptingTraits (0ms)
		AnalyzeDomain (243ms)
			TypeCache.Refresh (240ms)
				TypeCache.ScanAssembly (214ms)
			BuildScriptInfoCaches (0ms)
			ResolveRequiredComponents (1ms)
	FinalizeReload (528ms)
		ReleaseScriptCaches (0ms)
		RebuildScriptCaches (0ms)
		SetupLoadedEditorAssemblies (476ms)
			LogAssemblyErrors (0ms)
			InitializePlatformSupportModulesInManaged (33ms)
			SetLoadedEditorAssemblies (9ms)
			BeforeProcessingInitializeOnLoad (94ms)
			ProcessInitializeOnLoadAttributes (256ms)
			ProcessInitializeOnLoadMethodAttributes (84ms)
=======
	RebuildCommonClasses (46ms)
	RebuildNativeTypeToScriptingClass (14ms)
	initialDomainReloadingComplete (65ms)
	LoadAllAssembliesAndSetupDomain (212ms)
		LoadAssemblies (175ms)
		RebuildTransferFunctionScriptingTraits (0ms)
		AnalyzeDomain (209ms)
			TypeCache.Refresh (206ms)
				TypeCache.ScanAssembly (184ms)
			BuildScriptInfoCaches (0ms)
			ResolveRequiredComponents (1ms)
	FinalizeReload (454ms)
		ReleaseScriptCaches (0ms)
		RebuildScriptCaches (0ms)
		SetupLoadedEditorAssemblies (387ms)
			LogAssemblyErrors (0ms)
			InitializePlatformSupportModulesInManaged (34ms)
			SetLoadedEditorAssemblies (7ms)
			BeforeProcessingInitializeOnLoad (89ms)
			ProcessInitializeOnLoadAttributes (194ms)
			ProcessInitializeOnLoadMethodAttributes (63ms)
>>>>>>> c9135783d4dd1474d5aa370c1edeba6ea73b6656
			AfterProcessingInitializeOnLoad (0ms)
			EditorAssembliesLoaded (0ms)
		ExecutionOrderSort2 (0ms)
		AwakeInstancesAfterBackupRestoration (0ms)
Assembly reference Packages/com.unity.cinemachine/Editor/Samples/ExposeHDRPInternals/HDRP-Editor-ref.asmref has no target assembly definition
========================================================================
Worker process is ready to serve import requests
Import Worker Mode flag is 0x00
Assembly reference Packages/com.unity.cinemachine/Editor/Samples/ExposeHDRPInternals/HDRP-Editor-ref.asmref has no target assembly definition
Assembly reference Packages/com.unity.cinemachine/Editor/Samples/ExposeHDRPInternals/HDRP-Editor-ref.asmref has no target assembly definition
Begin MonoManager ReloadAssembly
<<<<<<< HEAD
- Loaded All Assemblies, in  1.253 seconds
Assembly reference Packages/com.unity.cinemachine/Editor/Samples/ExposeHDRPInternals/HDRP-Editor-ref.asmref has no target assembly definition
'Packages/com.unity.cinemachine/Editor/Obsolete/CinemachineVirtualCameraBaseEditor.cs' contains partial class of Unity.Object, exactly 1 of the partial classes needs to be in a file with the same filename. This is to know the one that can be referenced from ie. GameObjects
'Packages/com.unity.cinemachine/Editor/Editors/CinemachineVirtualCameraBaseEditor.cs' contains partial class of Unity.Object, exactly 1 of the partial classes needs to be in a file with the same filename. This is to know the one that can be referenced from ie. GameObjects
Refreshing native plugins compatible for Editor in 2.07 ms, found 3 plugins.
=======
- Loaded All Assemblies, in  1.166 seconds
Assembly reference Packages/com.unity.cinemachine/Editor/Samples/ExposeHDRPInternals/HDRP-Editor-ref.asmref has no target assembly definition
'Packages/com.unity.cinemachine/Editor/Obsolete/CinemachineVirtualCameraBaseEditor.cs' contains partial class of Unity.Object, exactly 1 of the partial classes needs to be in a file with the same filename. This is to know the one that can be referenced from ie. GameObjects
'Packages/com.unity.cinemachine/Editor/Editors/CinemachineVirtualCameraBaseEditor.cs' contains partial class of Unity.Object, exactly 1 of the partial classes needs to be in a file with the same filename. This is to know the one that can be referenced from ie. GameObjects
Refreshing native plugins compatible for Editor in 1.92 ms, found 3 plugins.
>>>>>>> c9135783d4dd1474d5aa370c1edeba6ea73b6656
Native extension for WindowsStandalone target not found
Assembly reference Packages/com.unity.cinemachine/Editor/Samples/ExposeHDRPInternals/HDRP-Editor-ref.asmref has no target assembly definition
[MODES] ModeService[none].Initialize
[MODES] ModeService[none].LoadModes
[MODES] Loading mode Default (0) for mode-current-id-projet_lxp
<RI> Initialized touch support.
<RI> Initializing input.
Using Windows.Gaming.Input
<RI> Input initialized.
Package Manager log level set to [2]
[Package Manager] Failed to launch server process. Reason: Unity was launched with the -noUpm command-line argument
[Package Manager] Unable to send message (not connected to server process).
[Package Manager] Cannot connect to Unity Package Manager local server
System.Exception: Error! Visual Scripting: couldn't find visual scripting package
  at Unity.VisualScripting.PackageVersionUtility.get_version () [0x00043] in .\Library\PackageCache\com.unity.visualscripting@1b53f46e931b\Editor\VisualScripting.Core\Utilities\PackageVersionUtility.cs:31 
  at Unity.VisualScripting.BoltCoreManifest.get_version () [0x00000] in .\Library\PackageCache\com.unity.visualscripting@1b53f46e931b\Editor\VisualScripting.Core\Plugin\BoltCoreManifest.cs:11 
  at Unity.VisualScripting.PluginManifest.get_currentVersion () [0x00000] in .\Library\PackageCache\com.unity.visualscripting@1b53f46e931b\Editor\VisualScripting.Core\Plugins\PluginManifest.cs:33 
  at Unity.VisualScripting.PluginManifest.get_versionMismatch () [0x00000] in .\Library\PackageCache\com.unity.visualscripting@1b53f46e931b\Editor\VisualScripting.Core\Plugins\PluginManifest.cs:48 
  at Unity.VisualScripting.PluginContainer.Initialize () [0x00525] in .\Library\PackageCache\com.unity.visualscripting@1b53f46e931b\Editor\VisualScripting.Core\Plugins\PluginContainer.cs:208 
  at Unity.VisualScripting.PluginContainer.InitializeOnLoad () [0x00009] in .\Library\PackageCache\com.unity.visualscripting@1b53f46e931b\Editor\VisualScripting.Core\Plugins\PluginContainer.cs:32 
  at Unity.VisualScripting.VSUsageUtility.DoInitializeOnLoadCalls () [0x00034] in .\Library\PackageCache\com.unity.visualscripting@1b53f46e931b\Editor\VisualScripting.Core\Utilities\VSUsageUtility.cs:76 
  at Unity.VisualScripting.VSUsageUtility.set_isVisualScriptingUsed (System.Boolean value) [0x0002c] in .\Library\PackageCache\com.unity.visualscripting@1b53f46e931b\Editor\VisualScripting.Core\Utilities\VSUsageUtility.cs:114 
  at Unity.VisualScripting.VSUsageUtility.CheckAndSetIsVisualScriptingUsed () [0x00032] in .\Library\PackageCache\com.unity.visualscripting@1b53f46e931b\Editor\VisualScripting.Core\Utilities\VSUsageUtility.cs:48 
  at Unity.VisualScripting.VSUsageUtility..cctor () [0x00000] in .\Library\PackageCache\com.unity.visualscripting@1b53f46e931b\Editor\VisualScripting.Core\Utilities\VSUsageUtility.cs:22 
UnityEngine.Debug:ExtractStackTraceNoAlloc (byte*,int,string)
UnityEngine.StackTraceUtility:ExtractStackTrace ()
UnityEngine.DebugLogHandler:Internal_Log (UnityEngine.LogType,UnityEngine.LogOption,string,UnityEngine.Object)
UnityEngine.DebugLogHandler:LogFormat (UnityEngine.LogType,UnityEngine.Object,string,object[])
UnityEngine.Logger:Log (UnityEngine.LogType,object)
UnityEngine.Debug:LogError (object)
UnityEditor.EditorAssemblies:ProcessInitializeOnLoadAttributes (System.Type[])

Mono: successfully reloaded assembly
<<<<<<< HEAD
- Finished resetting the current domain, in  2.653 seconds
Domain Reload Profiling: 3896ms
	BeginReloadAssembly (270ms)
		ExecutionOrderSort (0ms)
		DisableScriptedObjects (8ms)
		BackupInstance (0ms)
		ReleaseScriptingObjects (0ms)
		CreateAndSetChildDomain (44ms)
	RebuildCommonClasses (57ms)
	RebuildNativeTypeToScriptingClass (19ms)
	initialDomainReloadingComplete (68ms)
	LoadAllAssembliesAndSetupDomain (827ms)
		LoadAssemblies (548ms)
		RebuildTransferFunctionScriptingTraits (0ms)
		AnalyzeDomain (439ms)
			TypeCache.Refresh (320ms)
				TypeCache.ScanAssembly (292ms)
			BuildScriptInfoCaches (93ms)
			ResolveRequiredComponents (21ms)
	FinalizeReload (2654ms)
		ReleaseScriptCaches (0ms)
		RebuildScriptCaches (0ms)
		SetupLoadedEditorAssemblies (2461ms)
			LogAssemblyErrors (0ms)
			InitializePlatformSupportModulesInManaged (5ms)
			SetLoadedEditorAssemblies (6ms)
			BeforeProcessingInitializeOnLoad (215ms)
			ProcessInitializeOnLoadAttributes (2093ms)
			ProcessInitializeOnLoadMethodAttributes (131ms)
			AfterProcessingInitializeOnLoad (12ms)
			EditorAssembliesLoaded (0ms)
		ExecutionOrderSort2 (0ms)
		AwakeInstancesAfterBackupRestoration (11ms)
Launched and connected shader compiler UnityShaderCompiler.exe after 0.02 seconds
Refreshing native plugins compatible for Editor in 1.94 ms, found 3 plugins.
Preloading 0 native plugins for Editor in 0.00 ms.
Unloading 153 Unused Serialized files (Serialized files now loaded: 0)
Unloading 6360 unused Assets / (5.9 MB). Loaded Objects now: 6947.
Memory consumption went from 261.5 MB to 255.6 MB.
Total: 38.246200 ms (FindLiveObjects: 0.928600 ms CreateObjectMapping: 1.138100 ms MarkObjects: 30.605600 ms  DeleteObjects: 5.572300 ms)

========================================================================
Received Import Request.
  Time since last request: 5281.093504 seconds.
  path: Assets/FreeDragons/Materials/Stage.mat
  artifactKey: Guid(e378a703ff9d68b48b972d3d927d6eae) Importer(815301076,1909f56bfc062723c751e8b465ee728b)
Start importing Assets/FreeDragons/Materials/Stage.mat using Guid(e378a703ff9d68b48b972d3d927d6eae) Importer(815301076,1909f56bfc062723c751e8b465ee728b) (PreviewImporter) -> (artifact id: '601e5385fd5cae6b4f56ee15e48d42fc') in 0.4215556 seconds
Number of updated asset objects reloaded before import = 0Number of asset objects unloaded after import = 1

========================================================================
Received Import Request.
  Time since last request: 4.397878 seconds.
  path: Assets/FreeDragons/Prefab/DragonBoarPBR/GoldBoarPBR.prefab
  artifactKey: Guid(bab233ba7b2ba494a8fa95f27c964cb4) Importer(815301076,1909f56bfc062723c751e8b465ee728b)
Start importing Assets/FreeDragons/Prefab/DragonBoarPBR/GoldBoarPBR.prefab using Guid(bab233ba7b2ba494a8fa95f27c964cb4) Importer(815301076,1909f56bfc062723c751e8b465ee728b) (PreviewImporter) -> (artifact id: '23620bf4d256b3395c7d47c85555c150') in 0.0148442 seconds
Number of updated asset objects reloaded before import = 0Number of asset objects unloaded after import = 90

========================================================================
Received Import Request.
  Time since last request: 0.000017 seconds.
  path: Assets/FreeDragons/Prefab/DragonBoarPBR/GreenBoarPBR.prefab
  artifactKey: Guid(778c40c048e07544f8c1d09fa3939a42) Importer(815301076,1909f56bfc062723c751e8b465ee728b)
Start importing Assets/FreeDragons/Prefab/DragonBoarPBR/GreenBoarPBR.prefab using Guid(778c40c048e07544f8c1d09fa3939a42) Importer(815301076,1909f56bfc062723c751e8b465ee728b) (PreviewImporter) -> (artifact id: '193874d76cefbc51aa9f048371711312') in 0.0043088 seconds
Number of updated asset objects reloaded before import = 0Number of asset objects unloaded after import = 90

========================================================================
Received Import Request.
  Time since last request: 7.874896 seconds.
  path: Assets/FreeDragons/Prefab/DragonSoulEaterHP/DragonSoulEaterGreenHP.prefab
  artifactKey: Guid(b21352415df3ef54f8cca23f1eb49426) Importer(815301076,1909f56bfc062723c751e8b465ee728b)
Start importing Assets/FreeDragons/Prefab/DragonSoulEaterHP/DragonSoulEaterGreenHP.prefab using Guid(b21352415df3ef54f8cca23f1eb49426) Importer(815301076,1909f56bfc062723c751e8b465ee728b) (PreviewImporter) -> (artifact id: 'f1458c4d820c1de280d648ae074ce066') in 0.0044931 seconds
Number of updated asset objects reloaded before import = 0Number of asset objects unloaded after import = 130

========================================================================
Received Import Request.
  Time since last request: 0.000023 seconds.
  path: Assets/FreeDragons/Prefab/DragonSoulEaterHP/DragonSoulEaterPurpleHP.prefab
  artifactKey: Guid(80457e6ddcad37d4381a7a8c6694c30a) Importer(815301076,1909f56bfc062723c751e8b465ee728b)
Start importing Assets/FreeDragons/Prefab/DragonSoulEaterHP/DragonSoulEaterPurpleHP.prefab using Guid(80457e6ddcad37d4381a7a8c6694c30a) Importer(815301076,1909f56bfc062723c751e8b465ee728b) (PreviewImporter) -> (artifact id: 'd6dd259458597945dae8f79e4cdb0c6e') in 0.0042908 seconds
Number of updated asset objects reloaded before import = 0Number of asset objects unloaded after import = 130

========================================================================
Received Import Request.
  Time since last request: 0.462825 seconds.
  path: Assets/FreeDragons/Prefab/DragonSoulEaterPBR/DragonSoulEaterGreenPBR.prefab
  artifactKey: Guid(4eeec7c170fddbd42a5f700ae7edffeb) Importer(815301076,1909f56bfc062723c751e8b465ee728b)
Start importing Assets/FreeDragons/Prefab/DragonSoulEaterPBR/DragonSoulEaterGreenPBR.prefab using Guid(4eeec7c170fddbd42a5f700ae7edffeb) Importer(815301076,1909f56bfc062723c751e8b465ee728b) (PreviewImporter) -> (artifact id: '4db6023e9e9c2abce08ba0bfedff4aa1') in 0.0051506 seconds
Number of updated asset objects reloaded before import = 0Number of asset objects unloaded after import = 130

========================================================================
Received Import Request.
  Time since last request: 0.000013 seconds.
  path: Assets/FreeDragons/Prefab/DragonSoulEaterPBR/DragonSoulEaterPurplePBR.prefab
  artifactKey: Guid(8017a2c36de41784cae63680c61a430c) Importer(815301076,1909f56bfc062723c751e8b465ee728b)
Start importing Assets/FreeDragons/Prefab/DragonSoulEaterPBR/DragonSoulEaterPurplePBR.prefab using Guid(8017a2c36de41784cae63680c61a430c) Importer(815301076,1909f56bfc062723c751e8b465ee728b) (PreviewImporter) -> (artifact id: '65997b6f89ebe7f6a57d40ce4a85062a') in 0.0040982 seconds
Number of updated asset objects reloaded before import = 0Number of asset objects unloaded after import = 130
=======
- Finished resetting the current domain, in  2.124 seconds
Domain Reload Profiling: 3283ms
	BeginReloadAssembly (245ms)
		ExecutionOrderSort (0ms)
		DisableScriptedObjects (9ms)
		BackupInstance (0ms)
		ReleaseScriptingObjects (0ms)
		CreateAndSetChildDomain (44ms)
	RebuildCommonClasses (42ms)
	RebuildNativeTypeToScriptingClass (13ms)
	initialDomainReloadingComplete (56ms)
	LoadAllAssembliesAndSetupDomain (803ms)
		LoadAssemblies (529ms)
		RebuildTransferFunctionScriptingTraits (0ms)
		AnalyzeDomain (413ms)
			TypeCache.Refresh (316ms)
				TypeCache.ScanAssembly (283ms)
			BuildScriptInfoCaches (75ms)
			ResolveRequiredComponents (16ms)
	FinalizeReload (2125ms)
		ReleaseScriptCaches (0ms)
		RebuildScriptCaches (0ms)
		SetupLoadedEditorAssemblies (1943ms)
			LogAssemblyErrors (0ms)
			InitializePlatformSupportModulesInManaged (3ms)
			SetLoadedEditorAssemblies (8ms)
			BeforeProcessingInitializeOnLoad (170ms)
			ProcessInitializeOnLoadAttributes (1669ms)
			ProcessInitializeOnLoadMethodAttributes (84ms)
			AfterProcessingInitializeOnLoad (8ms)
			EditorAssembliesLoaded (1ms)
		ExecutionOrderSort2 (0ms)
		AwakeInstancesAfterBackupRestoration (7ms)
Launched and connected shader compiler UnityShaderCompiler.exe after 0.02 seconds
Refreshing native plugins compatible for Editor in 2.94 ms, found 3 plugins.
Preloading 0 native plugins for Editor in 0.00 ms.
Unloading 153 Unused Serialized files (Serialized files now loaded: 0)
Unloading 6360 unused Assets / (5.9 MB). Loaded Objects now: 6948.
Memory consumption went from 262.1 MB to 256.2 MB.
Total: 42.239400 ms (FindLiveObjects: 1.023800 ms CreateObjectMapping: 2.058200 ms MarkObjects: 31.941100 ms  DeleteObjects: 7.214600 ms)

========================================================================
Received Import Request.
  Time since last request: 4287.064682 seconds.
  path: Assets/prefab/DragonSoulEaterPurpleHP Variant.prefab
  artifactKey: Guid(167a078ef18293f4eac942e4d434075c) Importer(815301076,1909f56bfc062723c751e8b465ee728b)
Start importing Assets/prefab/DragonSoulEaterPurpleHP Variant.prefab using Guid(167a078ef18293f4eac942e4d434075c) Importer(815301076,1909f56bfc062723c751e8b465ee728b) (PreviewImporter) -> (artifact id: '4bb485df87a91840b423ac2bd86b4da1') in 0.2321662 seconds
Number of updated asset objects reloaded before import = 0Number of asset objects unloaded after import = 329
>>>>>>> c9135783d4dd1474d5aa370c1edeba6ea73b6656

